2014/12/27 19:32:12 [error] [exception.CException] exception 'CException' with message 'Property "UserController.backgroundBody" is not defined.' in C:\xampp\htdocs\ogt-cook\framework\base\CComponent.php:173
Stack trace:
#0 C:\xampp\htdocs\ogt-cook\protected\controllers\UserController.php(90): CComponent->__set('backgroundBody', 'nuevoUsuario')
#1 C:\xampp\htdocs\ogt-cook\framework\web\actions\CInlineAction.php(49): UserController->actionCreate()
#2 C:\xampp\htdocs\ogt-cook\framework\web\CController.php(308): CInlineAction->runWithParams(Array)
#3 C:\xampp\htdocs\ogt-cook\framework\web\filters\CFilterChain.php(133): CController->runAction(Object(CInlineAction))
#4 C:\xampp\htdocs\ogt-cook\framework\web\filters\CFilter.php(40): CFilterChain->run()
#5 C:\xampp\htdocs\ogt-cook\framework\web\CController.php(1145): CFilter->filter(Object(CFilterChain))
#6 C:\xampp\htdocs\ogt-cook\framework\web\filters\CInlineFilter.php(58): CController->filterAccessControl(Object(CFilterChain))
#7 C:\xampp\htdocs\ogt-cook\framework\web\filters\CFilterChain.php(130): CInlineFilter->filter(Object(CFilterChain))
#8 C:\xampp\htdocs\ogt-cook\framework\web\CController.php(291): CFilterChain->run()
#9 C:\xampp\htdocs\ogt-cook\framework\web\CController.php(265): CController->runActionWithFilters(Object(CInlineAction), Array)
#10 C:\xampp\htdocs\ogt-cook\framework\web\CWebApplication.php(282): CController->run('create')
#11 C:\xampp\htdocs\ogt-cook\framework\web\CWebApplication.php(141): CWebApplication->runController('user/create')
#12 C:\xampp\htdocs\ogt-cook\framework\base\CApplication.php(180): CWebApplication->processRequest()
#13 C:\xampp\htdocs\ogt-cook\index.php(13): CApplication->run()
#14 {main}
REQUEST_URI=/ogt-cook/user/create
---
2014/12/27 19:44:25 [error] [php] include(C:\xampp\htdocs\ogt-cook\protected\extensions\phpmailer\JPhpMailer.php): failed to open stream: No such file or directory (C:\xampp\htdocs\ogt-cook\framework\YiiBase.php:401)
Stack trace:
#0 C:\xampp\htdocs\ogt-cook\protected\models\MailSend.php(9): spl_autoload_call()
#1 C:\xampp\htdocs\ogt-cook\protected\controllers\UserController.php(114): MailSend->sendMain()
#2 C:\xampp\htdocs\ogt-cook\framework\web\actions\CInlineAction.php(49): UserController->actionCreate()
#3 C:\xampp\htdocs\ogt-cook\framework\web\CController.php(308): CInlineAction->runWithParams()
#4 C:\xampp\htdocs\ogt-cook\framework\web\filters\CFilterChain.php(133): UserController->runAction()
#5 C:\xampp\htdocs\ogt-cook\framework\web\filters\CFilter.php(40): CFilterChain->run()
#6 C:\xampp\htdocs\ogt-cook\framework\web\CController.php(1145): CAccessControlFilter->filter()
#7 C:\xampp\htdocs\ogt-cook\framework\web\filters\CInlineFilter.php(58): UserController->filterAccessControl()
#8 C:\xampp\htdocs\ogt-cook\framework\web\filters\CFilterChain.php(130): CInlineFilter->filter()
#9 C:\xampp\htdocs\ogt-cook\framework\web\CController.php(291): CFilterChain->run()
#10 C:\xampp\htdocs\ogt-cook\framework\web\CController.php(265): UserController->runActionWithFilters()
#11 C:\xampp\htdocs\ogt-cook\framework\web\CWebApplication.php(282): UserController->run()
#12 C:\xampp\htdocs\ogt-cook\framework\web\CWebApplication.php(141): CWebApplication->runController()
#13 C:\xampp\htdocs\ogt-cook\framework\base\CApplication.php(180): CWebApplication->processRequest()
#14 C:\xampp\htdocs\ogt-cook\index.php(13): CWebApplication->run()
REQUEST_URI=/ogt-cook/user/create
in C:\xampp\htdocs\ogt-cook\protected\models\MailSend.php (9)
in C:\xampp\htdocs\ogt-cook\protected\controllers\UserController.php (114)
in C:\xampp\htdocs\ogt-cook\index.php (13)
2014/12/27 20:03:13 [error] [exception.CHttpException.403] exception 'CHttpException' with message 'You are not authorized to perform this action.' in C:\xampp\htdocs\ogt-cook\framework\web\auth\CAccessControlFilter.php:182
Stack trace:
#0 C:\xampp\htdocs\ogt-cook\framework\web\auth\CAccessControlFilter.php(145): CAccessControlFilter->accessDenied(Object(CWebUser), 'You are not aut...')
#1 C:\xampp\htdocs\ogt-cook\framework\web\filters\CFilter.php(38): CAccessControlFilter->preFilter(Object(CFilterChain))
#2 C:\xampp\htdocs\ogt-cook\framework\web\CController.php(1145): CFilter->filter(Object(CFilterChain))
#3 C:\xampp\htdocs\ogt-cook\framework\web\filters\CInlineFilter.php(58): CController->filterAccessControl(Object(CFilterChain))
#4 C:\xampp\htdocs\ogt-cook\framework\web\filters\CFilterChain.php(130): CInlineFilter->filter(Object(CFilterChain))
#5 C:\xampp\htdocs\ogt-cook\framework\web\CController.php(291): CFilterChain->run()
#6 C:\xampp\htdocs\ogt-cook\framework\web\CController.php(265): CController->runActionWithFilters(Object(CInlineAction), Array)
#7 C:\xampp\htdocs\ogt-cook\framework\web\CWebApplication.php(282): CController->run('view')
#8 C:\xampp\htdocs\ogt-cook\framework\web\CWebApplication.php(141): CWebApplication->runController('user/view')
#9 C:\xampp\htdocs\ogt-cook\framework\base\CApplication.php(180): CWebApplication->processRequest()
#10 C:\xampp\htdocs\ogt-cook\index.php(13): CApplication->run()
#11 {main}
REQUEST_URI=/ogt-cook/user/110
HTTP_REFERER=http://localhost/ogt-cook/login
---
2014/12/27 20:07:25 [warning] [application] Failed to set unsafe attribute "verifyCode" of "User".
in C:\xampp\htdocs\ogt-cook\protected\controllers\UserController.php (215)
in C:\xampp\htdocs\ogt-cook\index.php (13)
2014/12/27 20:12:48 [warning] [application] Failed to set unsafe attribute "verifyCode" of "User".
in C:\xampp\htdocs\ogt-cook\protected\controllers\UserController.php (215)
in C:\xampp\htdocs\ogt-cook\index.php (13)
2014/12/27 20:17:20 [warning] [application] Failed to set unsafe attribute "verifyCode" of "User".
in C:\xampp\htdocs\ogt-cook\protected\controllers\UserController.php (213)
in C:\xampp\htdocs\ogt-cook\index.php (13)
2014/12/27 20:17:20 [warning] [application] Failed to set unsafe attribute "verifyCode" of "User".
in C:\xampp\htdocs\ogt-cook\protected\controllers\UserController.php (213)
in C:\xampp\htdocs\ogt-cook\index.php (13)
2014/12/27 20:23:11 [error] [exception.CHttpException.404] exception 'CHttpException' with message 'The system is unable to find the requested action "user".' in C:\xampp\htdocs\ogt-cook\framework\web\CController.php:483
Stack trace:
#0 C:\xampp\htdocs\ogt-cook\framework\web\CController.php(270): CController->missingAction('user')
#1 C:\xampp\htdocs\ogt-cook\framework\web\CWebApplication.php(282): CController->run('user')
#2 C:\xampp\htdocs\ogt-cook\framework\web\CWebApplication.php(141): CWebApplication->runController('site/user')
#3 C:\xampp\htdocs\ogt-cook\framework\base\CApplication.php(180): CWebApplication->processRequest()
#4 C:\xampp\htdocs\ogt-cook\index.php(13): CApplication->run()
#5 {main}
REQUEST_URI=/ogt-cook/site/user
---
2014/12/27 20:23:17 [error] [exception.CHttpException.404] exception 'CHttpException' with message 'The system is unable to find the requested action "users".' in C:\xampp\htdocs\ogt-cook\framework\web\CController.php:483
Stack trace:
#0 C:\xampp\htdocs\ogt-cook\framework\web\CController.php(270): CController->missingAction('users')
#1 C:\xampp\htdocs\ogt-cook\framework\web\CWebApplication.php(282): CController->run('users')
#2 C:\xampp\htdocs\ogt-cook\framework\web\CWebApplication.php(141): CWebApplication->runController('site/users')
#3 C:\xampp\htdocs\ogt-cook\framework\base\CApplication.php(180): CWebApplication->processRequest()
#4 C:\xampp\htdocs\ogt-cook\index.php(13): CApplication->run()
#5 {main}
REQUEST_URI=/ogt-cook/site/users
---
2014/12/27 20:23:39 [error] [exception.CHttpException.403] exception 'CHttpException' with message 'You are not authorized to perform this action.' in C:\xampp\htdocs\ogt-cook\framework\web\auth\CAccessControlFilter.php:182
Stack trace:
#0 C:\xampp\htdocs\ogt-cook\framework\web\auth\CAccessControlFilter.php(145): CAccessControlFilter->accessDenied(Object(CWebUser), 'You are not aut...')
#1 C:\xampp\htdocs\ogt-cook\framework\web\filters\CFilter.php(38): CAccessControlFilter->preFilter(Object(CFilterChain))
#2 C:\xampp\htdocs\ogt-cook\framework\web\CController.php(1145): CFilter->filter(Object(CFilterChain))
#3 C:\xampp\htdocs\ogt-cook\framework\web\filters\CInlineFilter.php(58): CController->filterAccessControl(Object(CFilterChain))
#4 C:\xampp\htdocs\ogt-cook\framework\web\filters\CFilterChain.php(130): CInlineFilter->filter(Object(CFilterChain))
#5 C:\xampp\htdocs\ogt-cook\framework\web\CController.php(291): CFilterChain->run()
#6 C:\xampp\htdocs\ogt-cook\framework\web\CController.php(265): CController->runActionWithFilters(Object(CInlineAction), Array)
#7 C:\xampp\htdocs\ogt-cook\framework\web\CWebApplication.php(282): CController->run('view')
#8 C:\xampp\htdocs\ogt-cook\framework\web\CWebApplication.php(141): CWebApplication->runController('user/view')
#9 C:\xampp\htdocs\ogt-cook\framework\base\CApplication.php(180): CWebApplication->processRequest()
#10 C:\xampp\htdocs\ogt-cook\index.php(13): CApplication->run()
#11 {main}
REQUEST_URI=/ogt-cook/user/111
HTTP_REFERER=http://localhost/ogt-cook/user/index
---
2014/12/27 20:28:05 [warning] [application] Failed to set unsafe attribute "verifyCode" of "User".
in C:\xampp\htdocs\ogt-cook\protected\controllers\UserController.php (213)
in C:\xampp\htdocs\ogt-cook\index.php (13)
2014/12/27 20:28:10 [warning] [application] Failed to set unsafe attribute "verifyCode" of "User".
in C:\xampp\htdocs\ogt-cook\protected\controllers\UserController.php (213)
in C:\xampp\htdocs\ogt-cook\index.php (13)
2014/12/27 20:28:22 [warning] [application] Failed to set unsafe attribute "verifyCode" of "User".
in C:\xampp\htdocs\ogt-cook\protected\controllers\UserController.php (213)
in C:\xampp\htdocs\ogt-cook\index.php (13)
2014/12/27 20:28:22 [warning] [application] Failed to set unsafe attribute "verifyCode" of "User".
in C:\xampp\htdocs\ogt-cook\protected\controllers\UserController.php (213)
in C:\xampp\htdocs\ogt-cook\index.php (13)
2014/12/27 20:37:34 [warning] [application] Failed to set unsafe attribute "verifyCode" of "User".
in C:\xampp\htdocs\ogt-cook\protected\controllers\UserController.php (213)
in C:\xampp\htdocs\ogt-cook\index.php (13)
2014/12/27 20:37:42 [warning] [application] Failed to set unsafe attribute "verifyCode" of "User".
in C:\xampp\htdocs\ogt-cook\protected\controllers\UserController.php (213)
in C:\xampp\htdocs\ogt-cook\index.php (13)
2014/12/27 20:37:42 [warning] [application] Failed to set unsafe attribute "verifyCode" of "User".
in C:\xampp\htdocs\ogt-cook\protected\controllers\UserController.php (213)
in C:\xampp\htdocs\ogt-cook\index.php (13)
2014/12/27 21:20:17 [warning] [application] Failed to set unsafe attribute "verifyCode" of "User".
in C:\xampp\htdocs\ogt-cook\protected\controllers\UserController.php (213)
in C:\xampp\htdocs\ogt-cook\index.php (13)
2014/12/27 21:20:32 [warning] [application] Failed to set unsafe attribute "verifyCode" of "User".
in C:\xampp\htdocs\ogt-cook\protected\controllers\UserController.php (213)
in C:\xampp\htdocs\ogt-cook\index.php (13)
2014/12/27 21:20:32 [warning] [application] Failed to set unsafe attribute "verifyCode" of "User".
in C:\xampp\htdocs\ogt-cook\protected\controllers\UserController.php (213)
in C:\xampp\htdocs\ogt-cook\index.php (13)
2014/12/28 13:16:58 [error] [exception.CHttpException.403] exception 'CHttpException' with message 'You are not authorized to perform this action.' in C:\xampp\htdocs\ogt-cook\framework\web\auth\CAccessControlFilter.php:182
Stack trace:
#0 C:\xampp\htdocs\ogt-cook\framework\web\auth\CAccessControlFilter.php(145): CAccessControlFilter->accessDenied(Object(CWebUser), 'You are not aut...')
#1 C:\xampp\htdocs\ogt-cook\framework\web\filters\CFilter.php(38): CAccessControlFilter->preFilter(Object(CFilterChain))
#2 C:\xampp\htdocs\ogt-cook\framework\web\CController.php(1145): CFilter->filter(Object(CFilterChain))
#3 C:\xampp\htdocs\ogt-cook\framework\web\filters\CInlineFilter.php(58): CController->filterAccessControl(Object(CFilterChain))
#4 C:\xampp\htdocs\ogt-cook\framework\web\filters\CFilterChain.php(130): CInlineFilter->filter(Object(CFilterChain))
#5 C:\xampp\htdocs\ogt-cook\framework\web\CController.php(291): CFilterChain->run()
#6 C:\xampp\htdocs\ogt-cook\framework\web\CController.php(265): CController->runActionWithFilters(Object(CInlineAction), Array)
#7 C:\xampp\htdocs\ogt-cook\framework\web\CWebApplication.php(282): CController->run('admin')
#8 C:\xampp\htdocs\ogt-cook\framework\web\CWebApplication.php(141): CWebApplication->runController('user/admin')
#9 C:\xampp\htdocs\ogt-cook\framework\base\CApplication.php(180): CWebApplication->processRequest()
#10 C:\xampp\htdocs\ogt-cook\index.php(13): CApplication->run()
#11 {main}
REQUEST_URI=/ogt-cook/user/admin
---
2014/12/28 13:20:49 [warning] [application] Failed to set unsafe attribute "verifyCode" of "User".
in C:\xampp\htdocs\ogt-cook\protected\controllers\UserController.php (214)
in C:\xampp\htdocs\ogt-cook\index.php (13)
2014/12/28 13:20:49 [warning] [application] Failed to set unsafe attribute "verifyCode" of "User".
in C:\xampp\htdocs\ogt-cook\protected\controllers\UserController.php (214)
in C:\xampp\htdocs\ogt-cook\index.php (13)
2014/12/28 13:21:06 [error] [exception.CHttpException.404] exception 'CHttpException' with message 'Unable to resolve the request "app".' in C:\xampp\htdocs\ogt-cook\framework\web\CWebApplication.php:286
Stack trace:
#0 C:\xampp\htdocs\ogt-cook\framework\web\CWebApplication.php(141): CWebApplication->runController('app')
#1 C:\xampp\htdocs\ogt-cook\framework\base\CApplication.php(180): CWebApplication->processRequest()
#2 C:\xampp\htdocs\ogt-cook\index.php(13): CApplication->run()
#3 {main}
REQUEST_URI=/ogt-cook/app
---
2014/12/28 13:21:07 [error] [exception.CHttpException.404] exception 'CHttpException' with message 'Unable to resolve the request "admin".' in C:\xampp\htdocs\ogt-cook\framework\web\CWebApplication.php:286
Stack trace:
#0 C:\xampp\htdocs\ogt-cook\framework\web\CWebApplication.php(141): CWebApplication->runController('admin')
#1 C:\xampp\htdocs\ogt-cook\framework\base\CApplication.php(180): CWebApplication->processRequest()
#2 C:\xampp\htdocs\ogt-cook\index.php(13): CApplication->run()
#3 {main}
REQUEST_URI=/ogt-cook/admin
---
2014/12/28 13:21:14 [error] [exception.CHttpException.403] exception 'CHttpException' with message 'You are not authorized to perform this action.' in C:\xampp\htdocs\ogt-cook\framework\web\auth\CAccessControlFilter.php:182
Stack trace:
#0 C:\xampp\htdocs\ogt-cook\framework\web\auth\CAccessControlFilter.php(145): CAccessControlFilter->accessDenied(Object(CWebUser), 'You are not aut...')
#1 C:\xampp\htdocs\ogt-cook\framework\web\filters\CFilter.php(38): CAccessControlFilter->preFilter(Object(CFilterChain))
#2 C:\xampp\htdocs\ogt-cook\framework\web\CController.php(1145): CFilter->filter(Object(CFilterChain))
#3 C:\xampp\htdocs\ogt-cook\framework\web\filters\CInlineFilter.php(58): CController->filterAccessControl(Object(CFilterChain))
#4 C:\xampp\htdocs\ogt-cook\framework\web\filters\CFilterChain.php(130): CInlineFilter->filter(Object(CFilterChain))
#5 C:\xampp\htdocs\ogt-cook\framework\web\CController.php(291): CFilterChain->run()
#6 C:\xampp\htdocs\ogt-cook\framework\web\CController.php(265): CController->runActionWithFilters(Object(CInlineAction), Array)
#7 C:\xampp\htdocs\ogt-cook\framework\web\CWebApplication.php(282): CController->run('admin')
#8 C:\xampp\htdocs\ogt-cook\framework\web\CWebApplication.php(141): CWebApplication->runController('user/admin')
#9 C:\xampp\htdocs\ogt-cook\framework\base\CApplication.php(180): CWebApplication->processRequest()
#10 C:\xampp\htdocs\ogt-cook\index.php(13): CApplication->run()
#11 {main}
REQUEST_URI=/ogt-cook/user/admin
---
2014/12/28 13:30:49 [error] [php] Use of undefined constant admin - assumed 'admin' (C:\xampp\htdocs\ogt-cook\protected\controllers\SiteController.php:95)
Stack trace:
#0 C:\xampp\htdocs\ogt-cook\framework\web\CController.php(286): SiteController->runAction()
#1 C:\xampp\htdocs\ogt-cook\framework\web\CController.php(265): SiteController->runActionWithFilters()
#2 C:\xampp\htdocs\ogt-cook\framework\web\CWebApplication.php(282): SiteController->run()
#3 C:\xampp\htdocs\ogt-cook\framework\web\CWebApplication.php(141): CWebApplication->runController()
#4 C:\xampp\htdocs\ogt-cook\framework\base\CApplication.php(180): CWebApplication->processRequest()
#5 C:\xampp\htdocs\ogt-cook\index.php(13): CWebApplication->run()
REQUEST_URI=/ogt-cook/login
in C:\xampp\htdocs\ogt-cook\protected\controllers\SiteController.php (95)
in C:\xampp\htdocs\ogt-cook\index.php (13)
2014/12/28 13:32:19 [error] [exception.CHttpException.404] exception 'CHttpException' with message 'The system is unable to find the requested action "amin".' in C:\xampp\htdocs\ogt-cook\framework\web\CController.php:483
Stack trace:
#0 C:\xampp\htdocs\ogt-cook\framework\web\CController.php(270): CController->missingAction('amin')
#1 C:\xampp\htdocs\ogt-cook\framework\web\CWebApplication.php(282): CController->run('amin')
#2 C:\xampp\htdocs\ogt-cook\framework\web\CWebApplication.php(141): CWebApplication->runController('user/amin')
#3 C:\xampp\htdocs\ogt-cook\framework\base\CApplication.php(180): CWebApplication->processRequest()
#4 C:\xampp\htdocs\ogt-cook\index.php(13): CApplication->run()
#5 {main}
REQUEST_URI=/ogt-cook/user/amin
HTTP_REFERER=http://localhost/ogt-cook/login
---
2014/12/28 13:32:35 [error] [exception.CHttpException.404] exception 'CHttpException' with message 'The system is unable to find the requested action "amin".' in C:\xampp\htdocs\ogt-cook\framework\web\CController.php:483
Stack trace:
#0 C:\xampp\htdocs\ogt-cook\framework\web\CController.php(270): CController->missingAction('amin')
#1 C:\xampp\htdocs\ogt-cook\framework\web\CWebApplication.php(282): CController->run('amin')
#2 C:\xampp\htdocs\ogt-cook\framework\web\CWebApplication.php(141): CWebApplication->runController('user/amin')
#3 C:\xampp\htdocs\ogt-cook\framework\base\CApplication.php(180): CWebApplication->processRequest()
#4 C:\xampp\htdocs\ogt-cook\index.php(13): CApplication->run()
#5 {main}
REQUEST_URI=/ogt-cook/user/amin
HTTP_REFERER=http://localhost/ogt-cook/login
---
2014/12/28 13:32:37 [error] [exception.CHttpException.404] exception 'CHttpException' with message 'The system is unable to find the requested action "amin".' in C:\xampp\htdocs\ogt-cook\framework\web\CController.php:483
Stack trace:
#0 C:\xampp\htdocs\ogt-cook\framework\web\CController.php(270): CController->missingAction('amin')
#1 C:\xampp\htdocs\ogt-cook\framework\web\CWebApplication.php(282): CController->run('amin')
#2 C:\xampp\htdocs\ogt-cook\framework\web\CWebApplication.php(141): CWebApplication->runController('user/amin')
#3 C:\xampp\htdocs\ogt-cook\framework\base\CApplication.php(180): CWebApplication->processRequest()
#4 C:\xampp\htdocs\ogt-cook\index.php(13): CApplication->run()
#5 {main}
REQUEST_URI=/ogt-cook/user/amin
HTTP_REFERER=http://localhost/ogt-cook/login
---
2014/12/28 13:35:24 [error] [exception.CException] exception 'CException' with message 'Property "SiteController._id" is not defined.' in C:\xampp\htdocs\ogt-cook\framework\base\CComponent.php:130
Stack trace:
#0 C:\xampp\htdocs\ogt-cook\protected\controllers\SiteController.php(95): CComponent->__get('_id')
#1 C:\xampp\htdocs\ogt-cook\framework\web\actions\CInlineAction.php(49): SiteController->actionLogin()
#2 C:\xampp\htdocs\ogt-cook\framework\web\CController.php(308): CInlineAction->runWithParams(Array)
#3 C:\xampp\htdocs\ogt-cook\framework\web\CController.php(286): CController->runAction(Object(CInlineAction))
#4 C:\xampp\htdocs\ogt-cook\framework\web\CController.php(265): CController->runActionWithFilters(Object(CInlineAction), Array)
#5 C:\xampp\htdocs\ogt-cook\framework\web\CWebApplication.php(282): CController->run('login')
#6 C:\xampp\htdocs\ogt-cook\framework\web\CWebApplication.php(141): CWebApplication->runController('site/login')
#7 C:\xampp\htdocs\ogt-cook\framework\base\CApplication.php(180): CWebApplication->processRequest()
#8 C:\xampp\htdocs\ogt-cook\index.php(13): CApplication->run()
#9 {main}
REQUEST_URI=/ogt-cook/login
HTTP_REFERER=http://localhost/ogt-cook/login
---
2014/12/28 14:02:29 [error] [exception.CException] exception 'CException' with message 'SiteController no ha podido encontrar la vista "site/login" solicitada.' in C:\xampp\htdocs\ogt-cook\framework\web\CController.php:878
Stack trace:
#0 C:\xampp\htdocs\ogt-cook\protected\controllers\SiteController.php(24): CController->renderPartial('site/login')
#1 C:\xampp\htdocs\ogt-cook\framework\web\actions\CInlineAction.php(49): SiteController->actionIndex()
#2 C:\xampp\htdocs\ogt-cook\framework\web\CController.php(308): CInlineAction->runWithParams(Array)
#3 C:\xampp\htdocs\ogt-cook\framework\web\CController.php(286): CController->runAction(Object(CInlineAction))
#4 C:\xampp\htdocs\ogt-cook\framework\web\CController.php(265): CController->runActionWithFilters(Object(CInlineAction), Array)
#5 C:\xampp\htdocs\ogt-cook\framework\web\CWebApplication.php(282): CController->run('index')
#6 C:\xampp\htdocs\ogt-cook\framework\web\CWebApplication.php(141): CWebApplication->runController('site/index')
#7 C:\xampp\htdocs\ogt-cook\framework\base\CApplication.php(180): CWebApplication->processRequest()
#8 C:\xampp\htdocs\ogt-cook\index.php(13): CApplication->run()
#9 {main}
REQUEST_URI=/ogt-cook/
HTTP_REFERER=http://localhost/ogt-cook/user/recoverpass
---
2014/12/28 14:03:14 [error] [php] Undefined variable: model (C:\xampp\htdocs\ogt-cook\protected\views\site\login.php:16)
Stack trace:
#0 C:\xampp\htdocs\ogt-cook\framework\web\CController.php(869): SiteController->renderFile()
#1 C:\xampp\htdocs\ogt-cook\protected\controllers\SiteController.php(24): SiteController->renderPartial()
#2 C:\xampp\htdocs\ogt-cook\framework\web\actions\CInlineAction.php(49): SiteController->actionIndex()
#3 C:\xampp\htdocs\ogt-cook\framework\web\CController.php(308): CInlineAction->runWithParams()
#4 C:\xampp\htdocs\ogt-cook\framework\web\CController.php(286): SiteController->runAction()
#5 C:\xampp\htdocs\ogt-cook\framework\web\CController.php(265): SiteController->runActionWithFilters()
#6 C:\xampp\htdocs\ogt-cook\framework\web\CWebApplication.php(282): SiteController->run()
#7 C:\xampp\htdocs\ogt-cook\framework\web\CWebApplication.php(141): CWebApplication->runController()
#8 C:\xampp\htdocs\ogt-cook\framework\base\CApplication.php(180): CWebApplication->processRequest()
#9 C:\xampp\htdocs\ogt-cook\index.php(13): CWebApplication->run()
REQUEST_URI=/ogt-cook/
in C:\xampp\htdocs\ogt-cook\protected\views\site\login.php (16)
in C:\xampp\htdocs\ogt-cook\protected\controllers\SiteController.php (24)
in C:\xampp\htdocs\ogt-cook\index.php (13)
2014/12/28 14:04:22 [error] [exception.CException] exception 'CException' with message 'SiteController no ha podido encontrar la vista "site/login" solicitada.' in C:\xampp\htdocs\ogt-cook\framework\web\CController.php:878
Stack trace:
#0 C:\xampp\htdocs\ogt-cook\protected\views\site\index.php(2): CController->renderPartial('site/login')
#1 C:\xampp\htdocs\ogt-cook\framework\web\CBaseController.php(126): require('C:\\xampp\\htdocs...')
#2 C:\xampp\htdocs\ogt-cook\framework\web\CBaseController.php(95): CBaseController->renderInternal('C:\\xampp\\htdocs...', NULL, true)
#3 C:\xampp\htdocs\ogt-cook\framework\web\CController.php(869): CBaseController->renderFile('C:\\xampp\\htdocs...', NULL, true)
#4 C:\xampp\htdocs\ogt-cook\framework\web\CController.php(782): CController->renderPartial('index', NULL, true)
#5 C:\xampp\htdocs\ogt-cook\protected\controllers\SiteController.php(25): CController->render('index')
#6 C:\xampp\htdocs\ogt-cook\framework\web\actions\CInlineAction.php(49): SiteController->actionIndex()
#7 C:\xampp\htdocs\ogt-cook\framework\web\CController.php(308): CInlineAction->runWithParams(Array)
#8 C:\xampp\htdocs\ogt-cook\framework\web\CController.php(286): CController->runAction(Object(CInlineAction))
#9 C:\xampp\htdocs\ogt-cook\framework\web\CController.php(265): CController->runActionWithFilters(Object(CInlineAction), Array)
#10 C:\xampp\htdocs\ogt-cook\framework\web\CWebApplication.php(282): CController->run('index')
#11 C:\xampp\htdocs\ogt-cook\framework\web\CWebApplication.php(141): CWebApplication->runController('site/index')
#12 C:\xampp\htdocs\ogt-cook\framework\base\CApplication.php(180): CWebApplication->processRequest()
#13 C:\xampp\htdocs\ogt-cook\index.php(13): CApplication->run()
#14 {main}
REQUEST_URI=/ogt-cook/
HTTP_REFERER=http://localhost/ogt-cook/user/recoverpass
---
2014/12/28 14:04:42 [error] [exception.CException] exception 'CException' with message 'SiteController no ha podido encontrar la vista "site/login" solicitada.' in C:\xampp\htdocs\ogt-cook\framework\web\CController.php:878
Stack trace:
#0 C:\xampp\htdocs\ogt-cook\protected\views\site\index.php(2): CController->renderPartial('site/login')
#1 C:\xampp\htdocs\ogt-cook\framework\web\CBaseController.php(126): require('C:\\xampp\\htdocs...')
#2 C:\xampp\htdocs\ogt-cook\framework\web\CBaseController.php(95): CBaseController->renderInternal('C:\\xampp\\htdocs...', NULL, true)
#3 C:\xampp\htdocs\ogt-cook\framework\web\CController.php(869): CBaseController->renderFile('C:\\xampp\\htdocs...', NULL, true)
#4 C:\xampp\htdocs\ogt-cook\framework\web\CController.php(782): CController->renderPartial('index', NULL, true)
#5 C:\xampp\htdocs\ogt-cook\protected\controllers\SiteController.php(25): CController->render('index')
#6 C:\xampp\htdocs\ogt-cook\framework\web\actions\CInlineAction.php(49): SiteController->actionIndex()
#7 C:\xampp\htdocs\ogt-cook\framework\web\CController.php(308): CInlineAction->runWithParams(Array)
#8 C:\xampp\htdocs\ogt-cook\framework\web\CController.php(286): CController->runAction(Object(CInlineAction))
#9 C:\xampp\htdocs\ogt-cook\framework\web\CController.php(265): CController->runActionWithFilters(Object(CInlineAction), Array)
#10 C:\xampp\htdocs\ogt-cook\framework\web\CWebApplication.php(282): CController->run('index')
#11 C:\xampp\htdocs\ogt-cook\framework\web\CWebApplication.php(141): CWebApplication->runController('site/index')
#12 C:\xampp\htdocs\ogt-cook\framework\base\CApplication.php(180): CWebApplication->processRequest()
#13 C:\xampp\htdocs\ogt-cook\index.php(13): CApplication->run()
#14 {main}
REQUEST_URI=/ogt-cook/
HTTP_REFERER=http://localhost/ogt-cook/user/recoverpass
---
2014/12/28 14:11:20 [error] [exception.CException] exception 'CException' with message 'SiteController no ha podido encontrar la vista "site/login" solicitada.' in C:\xampp\htdocs\ogt-cook\framework\web\CController.php:878
Stack trace:
#0 C:\xampp\htdocs\ogt-cook\protected\views\site\index.php(3): CController->renderPartial('site/login')
#1 C:\xampp\htdocs\ogt-cook\framework\web\CBaseController.php(126): require('C:\\xampp\\htdocs...')
#2 C:\xampp\htdocs\ogt-cook\framework\web\CBaseController.php(95): CBaseController->renderInternal('C:\\xampp\\htdocs...', NULL, true)
#3 C:\xampp\htdocs\ogt-cook\framework\web\CController.php(869): CBaseController->renderFile('C:\\xampp\\htdocs...', NULL, true)
#4 C:\xampp\htdocs\ogt-cook\framework\web\CController.php(782): CController->renderPartial('index', NULL, true)
#5 C:\xampp\htdocs\ogt-cook\protected\controllers\SiteController.php(25): CController->render('index')
#6 C:\xampp\htdocs\ogt-cook\framework\web\actions\CInlineAction.php(49): SiteController->actionIndex()
#7 C:\xampp\htdocs\ogt-cook\framework\web\CController.php(308): CInlineAction->runWithParams(Array)
#8 C:\xampp\htdocs\ogt-cook\framework\web\CController.php(286): CController->runAction(Object(CInlineAction))
#9 C:\xampp\htdocs\ogt-cook\framework\web\CController.php(265): CController->runActionWithFilters(Object(CInlineAction), Array)
#10 C:\xampp\htdocs\ogt-cook\framework\web\CWebApplication.php(282): CController->run('index')
#11 C:\xampp\htdocs\ogt-cook\framework\web\CWebApplication.php(141): CWebApplication->runController('site/index')
#12 C:\xampp\htdocs\ogt-cook\framework\base\CApplication.php(180): CWebApplication->processRequest()
#13 C:\xampp\htdocs\ogt-cook\index.php(13): CApplication->run()
#14 {main}
REQUEST_URI=/ogt-cook/
HTTP_REFERER=http://localhost/ogt-cook/user/recoverpass
---
2014/12/28 14:11:21 [error] [exception.CException] exception 'CException' with message 'SiteController no ha podido encontrar la vista "site/login" solicitada.' in C:\xampp\htdocs\ogt-cook\framework\web\CController.php:878
Stack trace:
#0 C:\xampp\htdocs\ogt-cook\protected\views\site\index.php(3): CController->renderPartial('site/login')
#1 C:\xampp\htdocs\ogt-cook\framework\web\CBaseController.php(126): require('C:\\xampp\\htdocs...')
#2 C:\xampp\htdocs\ogt-cook\framework\web\CBaseController.php(95): CBaseController->renderInternal('C:\\xampp\\htdocs...', NULL, true)
#3 C:\xampp\htdocs\ogt-cook\framework\web\CController.php(869): CBaseController->renderFile('C:\\xampp\\htdocs...', NULL, true)
#4 C:\xampp\htdocs\ogt-cook\framework\web\CController.php(782): CController->renderPartial('index', NULL, true)
#5 C:\xampp\htdocs\ogt-cook\protected\controllers\SiteController.php(25): CController->render('index')
#6 C:\xampp\htdocs\ogt-cook\framework\web\actions\CInlineAction.php(49): SiteController->actionIndex()
#7 C:\xampp\htdocs\ogt-cook\framework\web\CController.php(308): CInlineAction->runWithParams(Array)
#8 C:\xampp\htdocs\ogt-cook\framework\web\CController.php(286): CController->runAction(Object(CInlineAction))
#9 C:\xampp\htdocs\ogt-cook\framework\web\CController.php(265): CController->runActionWithFilters(Object(CInlineAction), Array)
#10 C:\xampp\htdocs\ogt-cook\framework\web\CWebApplication.php(282): CController->run('index')
#11 C:\xampp\htdocs\ogt-cook\framework\web\CWebApplication.php(141): CWebApplication->runController('site/index')
#12 C:\xampp\htdocs\ogt-cook\framework\base\CApplication.php(180): CWebApplication->processRequest()
#13 C:\xampp\htdocs\ogt-cook\index.php(13): CApplication->run()
#14 {main}
REQUEST_URI=/ogt-cook/
HTTP_REFERER=http://localhost/ogt-cook/user/recoverpass
---
2014/12/28 14:11:22 [error] [exception.CException] exception 'CException' with message 'SiteController no ha podido encontrar la vista "site/login" solicitada.' in C:\xampp\htdocs\ogt-cook\framework\web\CController.php:878
Stack trace:
#0 C:\xampp\htdocs\ogt-cook\protected\views\site\index.php(3): CController->renderPartial('site/login')
#1 C:\xampp\htdocs\ogt-cook\framework\web\CBaseController.php(126): require('C:\\xampp\\htdocs...')
#2 C:\xampp\htdocs\ogt-cook\framework\web\CBaseController.php(95): CBaseController->renderInternal('C:\\xampp\\htdocs...', NULL, true)
#3 C:\xampp\htdocs\ogt-cook\framework\web\CController.php(869): CBaseController->renderFile('C:\\xampp\\htdocs...', NULL, true)
#4 C:\xampp\htdocs\ogt-cook\framework\web\CController.php(782): CController->renderPartial('index', NULL, true)
#5 C:\xampp\htdocs\ogt-cook\protected\controllers\SiteController.php(25): CController->render('index')
#6 C:\xampp\htdocs\ogt-cook\framework\web\actions\CInlineAction.php(49): SiteController->actionIndex()
#7 C:\xampp\htdocs\ogt-cook\framework\web\CController.php(308): CInlineAction->runWithParams(Array)
#8 C:\xampp\htdocs\ogt-cook\framework\web\CController.php(286): CController->runAction(Object(CInlineAction))
#9 C:\xampp\htdocs\ogt-cook\framework\web\CController.php(265): CController->runActionWithFilters(Object(CInlineAction), Array)
#10 C:\xampp\htdocs\ogt-cook\framework\web\CWebApplication.php(282): CController->run('index')
#11 C:\xampp\htdocs\ogt-cook\framework\web\CWebApplication.php(141): CWebApplication->runController('site/index')
#12 C:\xampp\htdocs\ogt-cook\framework\base\CApplication.php(180): CWebApplication->processRequest()
#13 C:\xampp\htdocs\ogt-cook\index.php(13): CApplication->run()
#14 {main}
REQUEST_URI=/ogt-cook/
HTTP_REFERER=http://localhost/ogt-cook/user/recoverpass
---
2014/12/28 14:11:52 [error] [exception.CException] exception 'CException' with message 'SiteController no ha podido encontrar la vista "site/login" solicitada.' in C:\xampp\htdocs\ogt-cook\framework\web\CController.php:878
Stack trace:
#0 C:\xampp\htdocs\ogt-cook\protected\views\site\index.php(3): CController->renderPartial('site/login')
#1 C:\xampp\htdocs\ogt-cook\framework\web\CBaseController.php(126): require('C:\\xampp\\htdocs...')
#2 C:\xampp\htdocs\ogt-cook\framework\web\CBaseController.php(95): CBaseController->renderInternal('C:\\xampp\\htdocs...', NULL, true)
#3 C:\xampp\htdocs\ogt-cook\framework\web\CController.php(869): CBaseController->renderFile('C:\\xampp\\htdocs...', NULL, true)
#4 C:\xampp\htdocs\ogt-cook\framework\web\CController.php(782): CController->renderPartial('index', NULL, true)
#5 C:\xampp\htdocs\ogt-cook\protected\controllers\SiteController.php(25): CController->render('index')
#6 C:\xampp\htdocs\ogt-cook\framework\web\actions\CInlineAction.php(49): SiteController->actionIndex()
#7 C:\xampp\htdocs\ogt-cook\framework\web\CController.php(308): CInlineAction->runWithParams(Array)
#8 C:\xampp\htdocs\ogt-cook\framework\web\CController.php(286): CController->runAction(Object(CInlineAction))
#9 C:\xampp\htdocs\ogt-cook\framework\web\CController.php(265): CController->runActionWithFilters(Object(CInlineAction), Array)
#10 C:\xampp\htdocs\ogt-cook\framework\web\CWebApplication.php(282): CController->run('index')
#11 C:\xampp\htdocs\ogt-cook\framework\web\CWebApplication.php(141): CWebApplication->runController('site/index')
#12 C:\xampp\htdocs\ogt-cook\framework\base\CApplication.php(180): CWebApplication->processRequest()
#13 C:\xampp\htdocs\ogt-cook\index.php(13): CApplication->run()
#14 {main}
REQUEST_URI=/ogt-cook/
HTTP_REFERER=http://localhost/ogt-cook/user/recoverpass
---
2014/12/28 14:12:25 [error] [exception.CException] exception 'CException' with message 'SiteController no ha podido encontrar la vista "site/login" solicitada.' in C:\xampp\htdocs\ogt-cook\framework\web\CController.php:878
Stack trace:
#0 C:\xampp\htdocs\ogt-cook\protected\views\site\index.php(3): CController->renderPartial('site/login')
#1 C:\xampp\htdocs\ogt-cook\framework\web\CBaseController.php(126): require('C:\\xampp\\htdocs...')
#2 C:\xampp\htdocs\ogt-cook\framework\web\CBaseController.php(95): CBaseController->renderInternal('C:\\xampp\\htdocs...', NULL, true)
#3 C:\xampp\htdocs\ogt-cook\framework\web\CController.php(869): CBaseController->renderFile('C:\\xampp\\htdocs...', NULL, true)
#4 C:\xampp\htdocs\ogt-cook\framework\web\CController.php(782): CController->renderPartial('index', NULL, true)
#5 C:\xampp\htdocs\ogt-cook\protected\controllers\SiteController.php(25): CController->render('index')
#6 C:\xampp\htdocs\ogt-cook\framework\web\actions\CInlineAction.php(49): SiteController->actionIndex()
#7 C:\xampp\htdocs\ogt-cook\framework\web\CController.php(308): CInlineAction->runWithParams(Array)
#8 C:\xampp\htdocs\ogt-cook\framework\web\CController.php(286): CController->runAction(Object(CInlineAction))
#9 C:\xampp\htdocs\ogt-cook\framework\web\CController.php(265): CController->runActionWithFilters(Object(CInlineAction), Array)
#10 C:\xampp\htdocs\ogt-cook\framework\web\CWebApplication.php(282): CController->run('index')
#11 C:\xampp\htdocs\ogt-cook\framework\web\CWebApplication.php(141): CWebApplication->runController('site/index')
#12 C:\xampp\htdocs\ogt-cook\framework\base\CApplication.php(180): CWebApplication->processRequest()
#13 C:\xampp\htdocs\ogt-cook\index.php(13): CApplication->run()
#14 {main}
REQUEST_URI=/ogt-cook/
HTTP_REFERER=http://localhost/ogt-cook/user/recoverpass
---
2014/12/28 14:12:26 [error] [exception.CException] exception 'CException' with message 'SiteController no ha podido encontrar la vista "site/login" solicitada.' in C:\xampp\htdocs\ogt-cook\framework\web\CController.php:878
Stack trace:
#0 C:\xampp\htdocs\ogt-cook\protected\views\site\index.php(3): CController->renderPartial('site/login')
#1 C:\xampp\htdocs\ogt-cook\framework\web\CBaseController.php(126): require('C:\\xampp\\htdocs...')
#2 C:\xampp\htdocs\ogt-cook\framework\web\CBaseController.php(95): CBaseController->renderInternal('C:\\xampp\\htdocs...', NULL, true)
#3 C:\xampp\htdocs\ogt-cook\framework\web\CController.php(869): CBaseController->renderFile('C:\\xampp\\htdocs...', NULL, true)
#4 C:\xampp\htdocs\ogt-cook\framework\web\CController.php(782): CController->renderPartial('index', NULL, true)
#5 C:\xampp\htdocs\ogt-cook\protected\controllers\SiteController.php(25): CController->render('index')
#6 C:\xampp\htdocs\ogt-cook\framework\web\actions\CInlineAction.php(49): SiteController->actionIndex()
#7 C:\xampp\htdocs\ogt-cook\framework\web\CController.php(308): CInlineAction->runWithParams(Array)
#8 C:\xampp\htdocs\ogt-cook\framework\web\CController.php(286): CController->runAction(Object(CInlineAction))
#9 C:\xampp\htdocs\ogt-cook\framework\web\CController.php(265): CController->runActionWithFilters(Object(CInlineAction), Array)
#10 C:\xampp\htdocs\ogt-cook\framework\web\CWebApplication.php(282): CController->run('index')
#11 C:\xampp\htdocs\ogt-cook\framework\web\CWebApplication.php(141): CWebApplication->runController('site/index')
#12 C:\xampp\htdocs\ogt-cook\framework\base\CApplication.php(180): CWebApplication->processRequest()
#13 C:\xampp\htdocs\ogt-cook\index.php(13): CApplication->run()
#14 {main}
REQUEST_URI=/ogt-cook/
HTTP_REFERER=http://localhost/ogt-cook/user/recoverpass
---
2014/12/28 14:12:27 [error] [exception.CException] exception 'CException' with message 'SiteController no ha podido encontrar la vista "site/login" solicitada.' in C:\xampp\htdocs\ogt-cook\framework\web\CController.php:878
Stack trace:
#0 C:\xampp\htdocs\ogt-cook\protected\views\site\index.php(3): CController->renderPartial('site/login')
#1 C:\xampp\htdocs\ogt-cook\framework\web\CBaseController.php(126): require('C:\\xampp\\htdocs...')
#2 C:\xampp\htdocs\ogt-cook\framework\web\CBaseController.php(95): CBaseController->renderInternal('C:\\xampp\\htdocs...', NULL, true)
#3 C:\xampp\htdocs\ogt-cook\framework\web\CController.php(869): CBaseController->renderFile('C:\\xampp\\htdocs...', NULL, true)
#4 C:\xampp\htdocs\ogt-cook\framework\web\CController.php(782): CController->renderPartial('index', NULL, true)
#5 C:\xampp\htdocs\ogt-cook\protected\controllers\SiteController.php(25): CController->render('index')
#6 C:\xampp\htdocs\ogt-cook\framework\web\actions\CInlineAction.php(49): SiteController->actionIndex()
#7 C:\xampp\htdocs\ogt-cook\framework\web\CController.php(308): CInlineAction->runWithParams(Array)
#8 C:\xampp\htdocs\ogt-cook\framework\web\CController.php(286): CController->runAction(Object(CInlineAction))
#9 C:\xampp\htdocs\ogt-cook\framework\web\CController.php(265): CController->runActionWithFilters(Object(CInlineAction), Array)
#10 C:\xampp\htdocs\ogt-cook\framework\web\CWebApplication.php(282): CController->run('index')
#11 C:\xampp\htdocs\ogt-cook\framework\web\CWebApplication.php(141): CWebApplication->runController('site/index')
#12 C:\xampp\htdocs\ogt-cook\framework\base\CApplication.php(180): CWebApplication->processRequest()
#13 C:\xampp\htdocs\ogt-cook\index.php(13): CApplication->run()
#14 {main}
REQUEST_URI=/ogt-cook/
HTTP_REFERER=http://localhost/ogt-cook/user/recoverpass
---
2014/12/28 14:12:27 [error] [exception.CException] exception 'CException' with message 'SiteController no ha podido encontrar la vista "site/login" solicitada.' in C:\xampp\htdocs\ogt-cook\framework\web\CController.php:878
Stack trace:
#0 C:\xampp\htdocs\ogt-cook\protected\views\site\index.php(3): CController->renderPartial('site/login')
#1 C:\xampp\htdocs\ogt-cook\framework\web\CBaseController.php(126): require('C:\\xampp\\htdocs...')
#2 C:\xampp\htdocs\ogt-cook\framework\web\CBaseController.php(95): CBaseController->renderInternal('C:\\xampp\\htdocs...', NULL, true)
#3 C:\xampp\htdocs\ogt-cook\framework\web\CController.php(869): CBaseController->renderFile('C:\\xampp\\htdocs...', NULL, true)
#4 C:\xampp\htdocs\ogt-cook\framework\web\CController.php(782): CController->renderPartial('index', NULL, true)
#5 C:\xampp\htdocs\ogt-cook\protected\controllers\SiteController.php(25): CController->render('index')
#6 C:\xampp\htdocs\ogt-cook\framework\web\actions\CInlineAction.php(49): SiteController->actionIndex()
#7 C:\xampp\htdocs\ogt-cook\framework\web\CController.php(308): CInlineAction->runWithParams(Array)
#8 C:\xampp\htdocs\ogt-cook\framework\web\CController.php(286): CController->runAction(Object(CInlineAction))
#9 C:\xampp\htdocs\ogt-cook\framework\web\CController.php(265): CController->runActionWithFilters(Object(CInlineAction), Array)
#10 C:\xampp\htdocs\ogt-cook\framework\web\CWebApplication.php(282): CController->run('index')
#11 C:\xampp\htdocs\ogt-cook\framework\web\CWebApplication.php(141): CWebApplication->runController('site/index')
#12 C:\xampp\htdocs\ogt-cook\framework\base\CApplication.php(180): CWebApplication->processRequest()
#13 C:\xampp\htdocs\ogt-cook\index.php(13): CApplication->run()
#14 {main}
REQUEST_URI=/ogt-cook/
HTTP_REFERER=http://localhost/ogt-cook/user/recoverpass
---
2014/12/28 14:12:45 [error] [exception.CException] exception 'CException' with message 'SiteController no ha podido encontrar la vista "site/login" solicitada.' in C:\xampp\htdocs\ogt-cook\framework\web\CController.php:878
Stack trace:
#0 C:\xampp\htdocs\ogt-cook\framework\web\CController.php(782): CController->renderPartial('site/login', NULL, true)
#1 C:\xampp\htdocs\ogt-cook\protected\views\site\index.php(3): CController->render('site/login')
#2 C:\xampp\htdocs\ogt-cook\framework\web\CBaseController.php(126): require('C:\\xampp\\htdocs...')
#3 C:\xampp\htdocs\ogt-cook\framework\web\CBaseController.php(95): CBaseController->renderInternal('C:\\xampp\\htdocs...', NULL, true)
#4 C:\xampp\htdocs\ogt-cook\framework\web\CController.php(869): CBaseController->renderFile('C:\\xampp\\htdocs...', NULL, true)
#5 C:\xampp\htdocs\ogt-cook\framework\web\CController.php(782): CController->renderPartial('index', NULL, true)
#6 C:\xampp\htdocs\ogt-cook\protected\controllers\SiteController.php(25): CController->render('index')
#7 C:\xampp\htdocs\ogt-cook\framework\web\actions\CInlineAction.php(49): SiteController->actionIndex()
#8 C:\xampp\htdocs\ogt-cook\framework\web\CController.php(308): CInlineAction->runWithParams(Array)
#9 C:\xampp\htdocs\ogt-cook\framework\web\CController.php(286): CController->runAction(Object(CInlineAction))
#10 C:\xampp\htdocs\ogt-cook\framework\web\CController.php(265): CController->runActionWithFilters(Object(CInlineAction), Array)
#11 C:\xampp\htdocs\ogt-cook\framework\web\CWebApplication.php(282): CController->run('index')
#12 C:\xampp\htdocs\ogt-cook\framework\web\CWebApplication.php(141): CWebApplication->runController('site/index')
#13 C:\xampp\htdocs\ogt-cook\framework\base\CApplication.php(180): CWebApplication->processRequest()
#14 C:\xampp\htdocs\ogt-cook\index.php(13): CApplication->run()
#15 {main}
REQUEST_URI=/ogt-cook/
HTTP_REFERER=http://localhost/ogt-cook/user/recoverpass
---
2014/12/28 14:14:04 [error] [php] Undefined variable: dataProvider (C:\xampp\htdocs\ogt-cook\protected\views\user\index.php:18)
Stack trace:
#0 C:\xampp\htdocs\ogt-cook\framework\web\CController.php(869): SiteController->renderFile()
#1 C:\xampp\htdocs\ogt-cook\protected\views\site\index.php(3): SiteController->renderPartial()
#2 C:\xampp\htdocs\ogt-cook\framework\web\CBaseController.php(126): require()
#3 C:\xampp\htdocs\ogt-cook\framework\web\CBaseController.php(95): SiteController->renderInternal()
#4 C:\xampp\htdocs\ogt-cook\framework\web\CController.php(869): SiteController->renderFile()
#5 C:\xampp\htdocs\ogt-cook\framework\web\CController.php(782): SiteController->renderPartial()
#6 C:\xampp\htdocs\ogt-cook\protected\controllers\SiteController.php(25): SiteController->render()
#7 C:\xampp\htdocs\ogt-cook\framework\web\actions\CInlineAction.php(49): SiteController->actionIndex()
#8 C:\xampp\htdocs\ogt-cook\framework\web\CController.php(308): CInlineAction->runWithParams()
#9 C:\xampp\htdocs\ogt-cook\framework\web\CController.php(286): SiteController->runAction()
#10 C:\xampp\htdocs\ogt-cook\framework\web\CController.php(265): SiteController->runActionWithFilters()
#11 C:\xampp\htdocs\ogt-cook\framework\web\CWebApplication.php(282): SiteController->run()
#12 C:\xampp\htdocs\ogt-cook\framework\web\CWebApplication.php(141): CWebApplication->runController()
#13 C:\xampp\htdocs\ogt-cook\framework\base\CApplication.php(180): CWebApplication->processRequest()
#14 C:\xampp\htdocs\ogt-cook\index.php(13): CWebApplication->run()
REQUEST_URI=/ogt-cook/
in C:\xampp\htdocs\ogt-cook\protected\views\user\index.php (18)
in C:\xampp\htdocs\ogt-cook\protected\views\site\index.php (3)
in C:\xampp\htdocs\ogt-cook\protected\controllers\SiteController.php (25)
2014/12/28 14:15:04 [error] [php] Undefined variable: dataProvider (C:\xampp\htdocs\ogt-cook\protected\views\user\index.php:18)
Stack trace:
#0 C:\xampp\htdocs\ogt-cook\framework\web\CController.php(869): SiteController->renderFile()
#1 C:\xampp\htdocs\ogt-cook\protected\views\site\index.php(3): SiteController->renderPartial()
#2 C:\xampp\htdocs\ogt-cook\framework\web\CBaseController.php(126): require()
#3 C:\xampp\htdocs\ogt-cook\framework\web\CBaseController.php(95): SiteController->renderInternal()
#4 C:\xampp\htdocs\ogt-cook\framework\web\CController.php(869): SiteController->renderFile()
#5 C:\xampp\htdocs\ogt-cook\framework\web\CController.php(782): SiteController->renderPartial()
#6 C:\xampp\htdocs\ogt-cook\protected\controllers\SiteController.php(25): SiteController->render()
#7 C:\xampp\htdocs\ogt-cook\framework\web\actions\CInlineAction.php(49): SiteController->actionIndex()
#8 C:\xampp\htdocs\ogt-cook\framework\web\CController.php(308): CInlineAction->runWithParams()
#9 C:\xampp\htdocs\ogt-cook\framework\web\CController.php(286): SiteController->runAction()
#10 C:\xampp\htdocs\ogt-cook\framework\web\CController.php(265): SiteController->runActionWithFilters()
#11 C:\xampp\htdocs\ogt-cook\framework\web\CWebApplication.php(282): SiteController->run()
#12 C:\xampp\htdocs\ogt-cook\framework\web\CWebApplication.php(141): CWebApplication->runController()
#13 C:\xampp\htdocs\ogt-cook\framework\base\CApplication.php(180): CWebApplication->processRequest()
#14 C:\xampp\htdocs\ogt-cook\index.php(13): CWebApplication->run()
REQUEST_URI=/ogt-cook/
in C:\xampp\htdocs\ogt-cook\protected\views\user\index.php (18)
in C:\xampp\htdocs\ogt-cook\protected\views\site\index.php (3)
in C:\xampp\htdocs\ogt-cook\protected\controllers\SiteController.php (25)
2014/12/28 14:15:20 [error] [php] Undefined variable: dataProvider (C:\xampp\htdocs\ogt-cook\protected\views\user\index.php:18)
Stack trace:
#0 C:\xampp\htdocs\ogt-cook\framework\web\CController.php(869): SiteController->renderFile()
#1 C:\xampp\htdocs\ogt-cook\protected\views\site\index.php(3): SiteController->renderPartial()
#2 C:\xampp\htdocs\ogt-cook\framework\web\CBaseController.php(126): require()
#3 C:\xampp\htdocs\ogt-cook\framework\web\CBaseController.php(95): SiteController->renderInternal()
#4 C:\xampp\htdocs\ogt-cook\framework\web\CController.php(869): SiteController->renderFile()
#5 C:\xampp\htdocs\ogt-cook\framework\web\CController.php(782): SiteController->renderPartial()
#6 C:\xampp\htdocs\ogt-cook\protected\controllers\SiteController.php(25): SiteController->render()
#7 C:\xampp\htdocs\ogt-cook\framework\web\actions\CInlineAction.php(49): SiteController->actionIndex()
#8 C:\xampp\htdocs\ogt-cook\framework\web\CController.php(308): CInlineAction->runWithParams()
#9 C:\xampp\htdocs\ogt-cook\framework\web\CController.php(286): SiteController->runAction()
#10 C:\xampp\htdocs\ogt-cook\framework\web\CController.php(265): SiteController->runActionWithFilters()
#11 C:\xampp\htdocs\ogt-cook\framework\web\CWebApplication.php(282): SiteController->run()
#12 C:\xampp\htdocs\ogt-cook\framework\web\CWebApplication.php(141): CWebApplication->runController()
#13 C:\xampp\htdocs\ogt-cook\framework\base\CApplication.php(180): CWebApplication->processRequest()
#14 C:\xampp\htdocs\ogt-cook\index.php(13): CWebApplication->run()
REQUEST_URI=/ogt-cook/
in C:\xampp\htdocs\ogt-cook\protected\views\user\index.php (18)
in C:\xampp\htdocs\ogt-cook\protected\views\site\index.php (3)
in C:\xampp\htdocs\ogt-cook\protected\controllers\SiteController.php (25)
2014/12/28 14:15:21 [error] [php] Undefined variable: dataProvider (C:\xampp\htdocs\ogt-cook\protected\views\user\index.php:18)
Stack trace:
#0 C:\xampp\htdocs\ogt-cook\framework\web\CController.php(869): SiteController->renderFile()
#1 C:\xampp\htdocs\ogt-cook\protected\views\site\index.php(3): SiteController->renderPartial()
#2 C:\xampp\htdocs\ogt-cook\framework\web\CBaseController.php(126): require()
#3 C:\xampp\htdocs\ogt-cook\framework\web\CBaseController.php(95): SiteController->renderInternal()
#4 C:\xampp\htdocs\ogt-cook\framework\web\CController.php(869): SiteController->renderFile()
#5 C:\xampp\htdocs\ogt-cook\framework\web\CController.php(782): SiteController->renderPartial()
#6 C:\xampp\htdocs\ogt-cook\protected\controllers\SiteController.php(25): SiteController->render()
#7 C:\xampp\htdocs\ogt-cook\framework\web\actions\CInlineAction.php(49): SiteController->actionIndex()
#8 C:\xampp\htdocs\ogt-cook\framework\web\CController.php(308): CInlineAction->runWithParams()
#9 C:\xampp\htdocs\ogt-cook\framework\web\CController.php(286): SiteController->runAction()
#10 C:\xampp\htdocs\ogt-cook\framework\web\CController.php(265): SiteController->runActionWithFilters()
#11 C:\xampp\htdocs\ogt-cook\framework\web\CWebApplication.php(282): SiteController->run()
#12 C:\xampp\htdocs\ogt-cook\framework\web\CWebApplication.php(141): CWebApplication->runController()
#13 C:\xampp\htdocs\ogt-cook\framework\base\CApplication.php(180): CWebApplication->processRequest()
#14 C:\xampp\htdocs\ogt-cook\index.php(13): CWebApplication->run()
REQUEST_URI=/ogt-cook/
in C:\xampp\htdocs\ogt-cook\protected\views\user\index.php (18)
in C:\xampp\htdocs\ogt-cook\protected\views\site\index.php (3)
in C:\xampp\htdocs\ogt-cook\protected\controllers\SiteController.php (25)
2014/12/28 14:15:53 [error] [php] Undefined variable: dataProvider (C:\xampp\htdocs\ogt-cook\protected\views\user\index.php:18)
Stack trace:
#0 C:\xampp\htdocs\ogt-cook\framework\web\CController.php(869): SiteController->renderFile()
#1 C:\xampp\htdocs\ogt-cook\protected\views\site\index.php(3): SiteController->renderPartial()
#2 C:\xampp\htdocs\ogt-cook\framework\web\CBaseController.php(126): require()
#3 C:\xampp\htdocs\ogt-cook\framework\web\CBaseController.php(95): SiteController->renderInternal()
#4 C:\xampp\htdocs\ogt-cook\framework\web\CController.php(869): SiteController->renderFile()
#5 C:\xampp\htdocs\ogt-cook\framework\web\CController.php(782): SiteController->renderPartial()
#6 C:\xampp\htdocs\ogt-cook\protected\controllers\SiteController.php(25): SiteController->render()
#7 C:\xampp\htdocs\ogt-cook\framework\web\actions\CInlineAction.php(49): SiteController->actionIndex()
#8 C:\xampp\htdocs\ogt-cook\framework\web\CController.php(308): CInlineAction->runWithParams()
#9 C:\xampp\htdocs\ogt-cook\framework\web\CController.php(286): SiteController->runAction()
#10 C:\xampp\htdocs\ogt-cook\framework\web\CController.php(265): SiteController->runActionWithFilters()
#11 C:\xampp\htdocs\ogt-cook\framework\web\CWebApplication.php(282): SiteController->run()
#12 C:\xampp\htdocs\ogt-cook\framework\web\CWebApplication.php(141): CWebApplication->runController()
#13 C:\xampp\htdocs\ogt-cook\framework\base\CApplication.php(180): CWebApplication->processRequest()
#14 C:\xampp\htdocs\ogt-cook\index.php(13): CWebApplication->run()
REQUEST_URI=/ogt-cook/
in C:\xampp\htdocs\ogt-cook\protected\views\user\index.php (18)
in C:\xampp\htdocs\ogt-cook\protected\views\site\index.php (3)
in C:\xampp\htdocs\ogt-cook\protected\controllers\SiteController.php (25)
2014/12/28 14:19:41 [error] [php] include(UserController.php): failed to open stream: No such file or directory (C:\xampp\htdocs\ogt-cook\framework\YiiBase.php:427)
Stack trace:
#0 C:\xampp\htdocs\ogt-cook\protected\views\site\index.php(3): spl_autoload_call()
#1 C:\xampp\htdocs\ogt-cook\framework\web\CBaseController.php(126): require()
#2 C:\xampp\htdocs\ogt-cook\framework\web\CBaseController.php(95): SiteController->renderInternal()
#3 C:\xampp\htdocs\ogt-cook\framework\web\CController.php(869): SiteController->renderFile()
#4 C:\xampp\htdocs\ogt-cook\framework\web\CController.php(782): SiteController->renderPartial()
#5 C:\xampp\htdocs\ogt-cook\protected\controllers\SiteController.php(25): SiteController->render()
#6 C:\xampp\htdocs\ogt-cook\framework\web\actions\CInlineAction.php(49): SiteController->actionIndex()
#7 C:\xampp\htdocs\ogt-cook\framework\web\CController.php(308): CInlineAction->runWithParams()
#8 C:\xampp\htdocs\ogt-cook\framework\web\CController.php(286): SiteController->runAction()
#9 C:\xampp\htdocs\ogt-cook\framework\web\CController.php(265): SiteController->runActionWithFilters()
#10 C:\xampp\htdocs\ogt-cook\framework\web\CWebApplication.php(282): SiteController->run()
#11 C:\xampp\htdocs\ogt-cook\framework\web\CWebApplication.php(141): CWebApplication->runController()
#12 C:\xampp\htdocs\ogt-cook\framework\base\CApplication.php(180): CWebApplication->processRequest()
#13 C:\xampp\htdocs\ogt-cook\index.php(13): CWebApplication->run()
REQUEST_URI=/ogt-cook/
in C:\xampp\htdocs\ogt-cook\protected\views\site\index.php (3)
in C:\xampp\htdocs\ogt-cook\protected\controllers\SiteController.php (25)
in C:\xampp\htdocs\ogt-cook\index.php (13)
2014/12/28 14:28:21 [error] [exception.CException] exception 'CException' with message 'La propiedad "CWebApplication"."userController" no se encuentra definida.' in C:\xampp\htdocs\ogt-cook\framework\base\CComponent.php:130
Stack trace:
#0 C:\xampp\htdocs\ogt-cook\framework\base\CModule.php(105): CComponent->__get('userController')
#1 C:\xampp\htdocs\ogt-cook\protected\views\site\index.php(3): CModule->__get('userController')
#2 C:\xampp\htdocs\ogt-cook\framework\web\CBaseController.php(126): require('C:\\xampp\\htdocs...')
#3 C:\xampp\htdocs\ogt-cook\framework\web\CBaseController.php(95): CBaseController->renderInternal('C:\\xampp\\htdocs...', NULL, true)
#4 C:\xampp\htdocs\ogt-cook\framework\web\CController.php(869): CBaseController->renderFile('C:\\xampp\\htdocs...', NULL, true)
#5 C:\xampp\htdocs\ogt-cook\framework\web\CController.php(782): CController->renderPartial('index', NULL, true)
#6 C:\xampp\htdocs\ogt-cook\protected\controllers\SiteController.php(25): CController->render('index')
#7 C:\xampp\htdocs\ogt-cook\framework\web\actions\CInlineAction.php(49): SiteController->actionIndex()
#8 C:\xampp\htdocs\ogt-cook\framework\web\CController.php(308): CInlineAction->runWithParams(Array)
#9 C:\xampp\htdocs\ogt-cook\framework\web\CController.php(286): CController->runAction(Object(CInlineAction))
#10 C:\xampp\htdocs\ogt-cook\framework\web\CController.php(265): CController->runActionWithFilters(Object(CInlineAction), Array)
#11 C:\xampp\htdocs\ogt-cook\framework\web\CWebApplication.php(282): CController->run('index')
#12 C:\xampp\htdocs\ogt-cook\framework\web\CWebApplication.php(141): CWebApplication->runController('site/index')
#13 C:\xampp\htdocs\ogt-cook\framework\base\CApplication.php(180): CWebApplication->processRequest()
#14 C:\xampp\htdocs\ogt-cook\index.php(13): CApplication->run()
#15 {main}
REQUEST_URI=/ogt-cook/
---
2014/12/28 14:28:41 [error] [exception.CException] exception 'CException' with message 'La propiedad "CWebApplication"."UserController" no se encuentra definida.' in C:\xampp\htdocs\ogt-cook\framework\base\CComponent.php:130
Stack trace:
#0 C:\xampp\htdocs\ogt-cook\framework\base\CModule.php(105): CComponent->__get('UserController')
#1 C:\xampp\htdocs\ogt-cook\protected\views\site\index.php(3): CModule->__get('UserController')
#2 C:\xampp\htdocs\ogt-cook\framework\web\CBaseController.php(126): require('C:\\xampp\\htdocs...')
#3 C:\xampp\htdocs\ogt-cook\framework\web\CBaseController.php(95): CBaseController->renderInternal('C:\\xampp\\htdocs...', NULL, true)
#4 C:\xampp\htdocs\ogt-cook\framework\web\CController.php(869): CBaseController->renderFile('C:\\xampp\\htdocs...', NULL, true)
#5 C:\xampp\htdocs\ogt-cook\framework\web\CController.php(782): CController->renderPartial('index', NULL, true)
#6 C:\xampp\htdocs\ogt-cook\protected\controllers\SiteController.php(25): CController->render('index')
#7 C:\xampp\htdocs\ogt-cook\framework\web\actions\CInlineAction.php(49): SiteController->actionIndex()
#8 C:\xampp\htdocs\ogt-cook\framework\web\CController.php(308): CInlineAction->runWithParams(Array)
#9 C:\xampp\htdocs\ogt-cook\framework\web\CController.php(286): CController->runAction(Object(CInlineAction))
#10 C:\xampp\htdocs\ogt-cook\framework\web\CController.php(265): CController->runActionWithFilters(Object(CInlineAction), Array)
#11 C:\xampp\htdocs\ogt-cook\framework\web\CWebApplication.php(282): CController->run('index')
#12 C:\xampp\htdocs\ogt-cook\framework\web\CWebApplication.php(141): CWebApplication->runController('site/index')
#13 C:\xampp\htdocs\ogt-cook\framework\base\CApplication.php(180): CWebApplication->processRequest()
#14 C:\xampp\htdocs\ogt-cook\index.php(13): CApplication->run()
#15 {main}
REQUEST_URI=/ogt-cook/
---
2014/12/28 14:31:36 [error] [php] Undefined variable: model (C:\xampp\htdocs\ogt-cook\protected\views\site\index.php:3)
Stack trace:
#0 C:\xampp\htdocs\ogt-cook\framework\web\CController.php(869): SiteController->renderFile()
#1 C:\xampp\htdocs\ogt-cook\framework\web\CController.php(782): SiteController->renderPartial()
#2 C:\xampp\htdocs\ogt-cook\protected\controllers\SiteController.php(25): SiteController->render()
#3 C:\xampp\htdocs\ogt-cook\framework\web\actions\CInlineAction.php(49): SiteController->actionIndex()
#4 C:\xampp\htdocs\ogt-cook\framework\web\CController.php(308): CInlineAction->runWithParams()
#5 C:\xampp\htdocs\ogt-cook\framework\web\CController.php(286): SiteController->runAction()
#6 C:\xampp\htdocs\ogt-cook\framework\web\CController.php(265): SiteController->runActionWithFilters()
#7 C:\xampp\htdocs\ogt-cook\framework\web\CWebApplication.php(282): SiteController->run()
#8 C:\xampp\htdocs\ogt-cook\framework\web\CWebApplication.php(141): CWebApplication->runController()
#9 C:\xampp\htdocs\ogt-cook\framework\base\CApplication.php(180): CWebApplication->processRequest()
#10 C:\xampp\htdocs\ogt-cook\index.php(13): CWebApplication->run()
REQUEST_URI=/ogt-cook/
in C:\xampp\htdocs\ogt-cook\protected\views\site\index.php (3)
in C:\xampp\htdocs\ogt-cook\protected\controllers\SiteController.php (25)
in C:\xampp\htdocs\ogt-cook\index.php (13)
2014/12/28 14:32:23 [error] [php] Undefined variable: dataProvider (C:\xampp\htdocs\ogt-cook\protected\views\user\index.php:18)
Stack trace:
#0 C:\xampp\htdocs\ogt-cook\framework\web\CController.php(869): SiteController->renderFile()
#1 C:\xampp\htdocs\ogt-cook\protected\views\site\index.php(5): SiteController->renderPartial()
#2 C:\xampp\htdocs\ogt-cook\framework\web\CBaseController.php(126): require()
#3 C:\xampp\htdocs\ogt-cook\framework\web\CBaseController.php(95): SiteController->renderInternal()
#4 C:\xampp\htdocs\ogt-cook\framework\web\CController.php(869): SiteController->renderFile()
#5 C:\xampp\htdocs\ogt-cook\framework\web\CController.php(782): SiteController->renderPartial()
#6 C:\xampp\htdocs\ogt-cook\protected\controllers\SiteController.php(25): SiteController->render()
#7 C:\xampp\htdocs\ogt-cook\framework\web\actions\CInlineAction.php(49): SiteController->actionIndex()
#8 C:\xampp\htdocs\ogt-cook\framework\web\CController.php(308): CInlineAction->runWithParams()
#9 C:\xampp\htdocs\ogt-cook\framework\web\CController.php(286): SiteController->runAction()
#10 C:\xampp\htdocs\ogt-cook\framework\web\CController.php(265): SiteController->runActionWithFilters()
#11 C:\xampp\htdocs\ogt-cook\framework\web\CWebApplication.php(282): SiteController->run()
#12 C:\xampp\htdocs\ogt-cook\framework\web\CWebApplication.php(141): CWebApplication->runController()
#13 C:\xampp\htdocs\ogt-cook\framework\base\CApplication.php(180): CWebApplication->processRequest()
#14 C:\xampp\htdocs\ogt-cook\index.php(13): CWebApplication->run()
REQUEST_URI=/ogt-cook/
in C:\xampp\htdocs\ogt-cook\protected\views\user\index.php (18)
in C:\xampp\htdocs\ogt-cook\protected\views\site\index.php (5)
in C:\xampp\htdocs\ogt-cook\protected\controllers\SiteController.php (25)
2014/12/28 14:34:54 [error] [php] Undefined variable: dataProvider (C:\xampp\htdocs\ogt-cook\protected\views\user\index.php:18)
Stack trace:
#0 C:\xampp\htdocs\ogt-cook\framework\web\CController.php(869): SiteController->renderFile()
#1 C:\xampp\htdocs\ogt-cook\protected\views\site\index.php(5): SiteController->renderPartial()
#2 C:\xampp\htdocs\ogt-cook\framework\web\CBaseController.php(126): require()
#3 C:\xampp\htdocs\ogt-cook\framework\web\CBaseController.php(95): SiteController->renderInternal()
#4 C:\xampp\htdocs\ogt-cook\framework\web\CController.php(869): SiteController->renderFile()
#5 C:\xampp\htdocs\ogt-cook\framework\web\CController.php(782): SiteController->renderPartial()
#6 C:\xampp\htdocs\ogt-cook\protected\controllers\SiteController.php(25): SiteController->render()
#7 C:\xampp\htdocs\ogt-cook\framework\web\actions\CInlineAction.php(49): SiteController->actionIndex()
#8 C:\xampp\htdocs\ogt-cook\framework\web\CController.php(308): CInlineAction->runWithParams()
#9 C:\xampp\htdocs\ogt-cook\framework\web\CController.php(286): SiteController->runAction()
#10 C:\xampp\htdocs\ogt-cook\framework\web\CController.php(265): SiteController->runActionWithFilters()
#11 C:\xampp\htdocs\ogt-cook\framework\web\CWebApplication.php(282): SiteController->run()
#12 C:\xampp\htdocs\ogt-cook\framework\web\CWebApplication.php(141): CWebApplication->runController()
#13 C:\xampp\htdocs\ogt-cook\framework\base\CApplication.php(180): CWebApplication->processRequest()
#14 C:\xampp\htdocs\ogt-cook\index.php(13): CWebApplication->run()
REQUEST_URI=/ogt-cook/
in C:\xampp\htdocs\ogt-cook\protected\views\user\index.php (18)
in C:\xampp\htdocs\ogt-cook\protected\views\site\index.php (5)
in C:\xampp\htdocs\ogt-cook\protected\controllers\SiteController.php (25)
2014/12/28 14:34:57 [error] [php] Undefined variable: dataProvider (C:\xampp\htdocs\ogt-cook\protected\views\user\index.php:18)
Stack trace:
#0 C:\xampp\htdocs\ogt-cook\framework\web\CController.php(869): SiteController->renderFile()
#1 C:\xampp\htdocs\ogt-cook\protected\views\site\index.php(5): SiteController->renderPartial()
#2 C:\xampp\htdocs\ogt-cook\framework\web\CBaseController.php(126): require()
#3 C:\xampp\htdocs\ogt-cook\framework\web\CBaseController.php(95): SiteController->renderInternal()
#4 C:\xampp\htdocs\ogt-cook\framework\web\CController.php(869): SiteController->renderFile()
#5 C:\xampp\htdocs\ogt-cook\framework\web\CController.php(782): SiteController->renderPartial()
#6 C:\xampp\htdocs\ogt-cook\protected\controllers\SiteController.php(25): SiteController->render()
#7 C:\xampp\htdocs\ogt-cook\framework\web\actions\CInlineAction.php(49): SiteController->actionIndex()
#8 C:\xampp\htdocs\ogt-cook\framework\web\CController.php(308): CInlineAction->runWithParams()
#9 C:\xampp\htdocs\ogt-cook\framework\web\CController.php(286): SiteController->runAction()
#10 C:\xampp\htdocs\ogt-cook\framework\web\CController.php(265): SiteController->runActionWithFilters()
#11 C:\xampp\htdocs\ogt-cook\framework\web\CWebApplication.php(282): SiteController->run()
#12 C:\xampp\htdocs\ogt-cook\framework\web\CWebApplication.php(141): CWebApplication->runController()
#13 C:\xampp\htdocs\ogt-cook\framework\base\CApplication.php(180): CWebApplication->processRequest()
#14 C:\xampp\htdocs\ogt-cook\index.php(13): CWebApplication->run()
REQUEST_URI=/ogt-cook/
in C:\xampp\htdocs\ogt-cook\protected\views\user\index.php (18)
in C:\xampp\htdocs\ogt-cook\protected\views\site\index.php (5)
in C:\xampp\htdocs\ogt-cook\protected\controllers\SiteController.php (25)
2014/12/29 13:51:42 [error] [exception.CHttpException.404] exception 'CHttpException' with message 'No es posible resolver la solicitud "images/filete50.png"' in C:\xampp\htdocs\ogt-cook\framework\web\CWebApplication.php:286
Stack trace:
#0 C:\xampp\htdocs\ogt-cook\framework\web\CWebApplication.php(141): CWebApplication->runController('images/filete50...')
#1 C:\xampp\htdocs\ogt-cook\framework\base\CApplication.php(180): CWebApplication->processRequest()
#2 C:\xampp\htdocs\ogt-cook\index.php(13): CApplication->run()
#3 {main}
REQUEST_URI=/ogt-cook/images/filete50.png
HTTP_REFERER=http://localhost/ogt-cook/css/main.css
---
2014/12/29 13:51:42 [error] [exception.CHttpException.404] exception 'CHttpException' with message 'No es posible resolver la solicitud "fonts/Play/Play-regular.ttf"' in C:\xampp\htdocs\ogt-cook\framework\web\CWebApplication.php:286
Stack trace:
#0 C:\xampp\htdocs\ogt-cook\framework\web\CWebApplication.php(141): CWebApplication->runController('fonts/Play/Play...')
#1 C:\xampp\htdocs\ogt-cook\framework\base\CApplication.php(180): CWebApplication->processRequest()
#2 C:\xampp\htdocs\ogt-cook\index.php(13): CApplication->run()
#3 {main}
REQUEST_URI=/ogt-cook/fonts/Play/Play-regular.ttf
HTTP_REFERER=http://localhost/ogt-cook/css/main.css
---
2014/12/29 13:52:27 [error] [exception.CHttpException.404] exception 'CHttpException' with message 'No es posible resolver la solicitud "fonts/Play/Play-regular.ttf"' in C:\xampp\htdocs\ogt-cook\framework\web\CWebApplication.php:286
Stack trace:
#0 C:\xampp\htdocs\ogt-cook\framework\web\CWebApplication.php(141): CWebApplication->runController('fonts/Play/Play...')
#1 C:\xampp\htdocs\ogt-cook\framework\base\CApplication.php(180): CWebApplication->processRequest()
#2 C:\xampp\htdocs\ogt-cook\index.php(13): CApplication->run()
#3 {main}
REQUEST_URI=/ogt-cook/fonts/Play/Play-regular.ttf
HTTP_REFERER=http://localhost/ogt-cook/css/main.css
---
2014/12/29 13:52:44 [error] [exception.CHttpException.404] exception 'CHttpException' with message 'No es posible resolver la solicitud "images/filete50.png"' in C:\xampp\htdocs\ogt-cook\framework\web\CWebApplication.php:286
Stack trace:
#0 C:\xampp\htdocs\ogt-cook\framework\web\CWebApplication.php(141): CWebApplication->runController('images/filete50...')
#1 C:\xampp\htdocs\ogt-cook\framework\base\CApplication.php(180): CWebApplication->processRequest()
#2 C:\xampp\htdocs\ogt-cook\index.php(13): CApplication->run()
#3 {main}
REQUEST_URI=/ogt-cook/images/filete50.png
HTTP_REFERER=http://localhost/ogt-cook/css/main.css
---
2014/12/29 13:52:44 [error] [exception.CHttpException.404] exception 'CHttpException' with message 'No es posible resolver la solicitud "fonts/Play/Play-regular.ttf"' in C:\xampp\htdocs\ogt-cook\framework\web\CWebApplication.php:286
Stack trace:
#0 C:\xampp\htdocs\ogt-cook\framework\web\CWebApplication.php(141): CWebApplication->runController('fonts/Play/Play...')
#1 C:\xampp\htdocs\ogt-cook\framework\base\CApplication.php(180): CWebApplication->processRequest()
#2 C:\xampp\htdocs\ogt-cook\index.php(13): CApplication->run()
#3 {main}
REQUEST_URI=/ogt-cook/fonts/Play/Play-regular.ttf
HTTP_REFERER=http://localhost/ogt-cook/css/main.css
---
2014/12/29 13:53:05 [error] [exception.CHttpException.404] exception 'CHttpException' with message 'No es posible resolver la solicitud "fonts/Play/Play-regular.ttf"' in C:\xampp\htdocs\ogt-cook\framework\web\CWebApplication.php:286
Stack trace:
#0 C:\xampp\htdocs\ogt-cook\framework\web\CWebApplication.php(141): CWebApplication->runController('fonts/Play/Play...')
#1 C:\xampp\htdocs\ogt-cook\framework\base\CApplication.php(180): CWebApplication->processRequest()
#2 C:\xampp\htdocs\ogt-cook\index.php(13): CApplication->run()
#3 {main}
REQUEST_URI=/ogt-cook/fonts/Play/Play-regular.ttf
HTTP_REFERER=http://localhost/ogt-cook/css/main.css
---
2014/12/29 13:53:53 [error] [exception.CHttpException.404] exception 'CHttpException' with message 'No es posible resolver la solicitud "fonts/Play/Play-regular.ttf"' in C:\xampp\htdocs\ogt-cook\framework\web\CWebApplication.php:286
Stack trace:
#0 C:\xampp\htdocs\ogt-cook\framework\web\CWebApplication.php(141): CWebApplication->runController('fonts/Play/Play...')
#1 C:\xampp\htdocs\ogt-cook\framework\base\CApplication.php(180): CWebApplication->processRequest()
#2 C:\xampp\htdocs\ogt-cook\index.php(13): CApplication->run()
#3 {main}
REQUEST_URI=/ogt-cook/fonts/Play/Play-regular.ttf
HTTP_REFERER=http://localhost/ogt-cook/css/main.css
---
2014/12/29 13:56:12 [error] [exception.CHttpException.404] exception 'CHttpException' with message 'No es posible resolver la solicitud "fonts/Play/Play-regular.ttf"' in C:\xampp\htdocs\ogt-cook\framework\web\CWebApplication.php:286
Stack trace:
#0 C:\xampp\htdocs\ogt-cook\framework\web\CWebApplication.php(141): CWebApplication->runController('fonts/Play/Play...')
#1 C:\xampp\htdocs\ogt-cook\framework\base\CApplication.php(180): CWebApplication->processRequest()
#2 C:\xampp\htdocs\ogt-cook\index.php(13): CApplication->run()
#3 {main}
REQUEST_URI=/ogt-cook/fonts/Play/Play-regular.ttf
HTTP_REFERER=http://localhost/ogt-cook/css/main.css
---
2014/12/29 15:31:00 [error] [php] Undefined variable: dataProvider (C:\xampp\htdocs\ogt-cook\protected\views\user\index.php:18)
Stack trace:
#0 C:\xampp\htdocs\ogt-cook\framework\web\CController.php(869): SiteController->renderFile()
#1 C:\xampp\htdocs\ogt-cook\framework\web\CController.php(782): SiteController->renderPartial()
#2 C:\xampp\htdocs\ogt-cook\protected\views\site\index.php(5): SiteController->render()
#3 C:\xampp\htdocs\ogt-cook\framework\web\CBaseController.php(126): require()
#4 C:\xampp\htdocs\ogt-cook\framework\web\CBaseController.php(95): SiteController->renderInternal()
#5 C:\xampp\htdocs\ogt-cook\framework\web\CController.php(869): SiteController->renderFile()
#6 C:\xampp\htdocs\ogt-cook\framework\web\CController.php(782): SiteController->renderPartial()
#7 C:\xampp\htdocs\ogt-cook\protected\controllers\SiteController.php(28): SiteController->render()
#8 C:\xampp\htdocs\ogt-cook\framework\web\actions\CInlineAction.php(49): SiteController->actionIndex()
#9 C:\xampp\htdocs\ogt-cook\framework\web\CController.php(308): CInlineAction->runWithParams()
#10 C:\xampp\htdocs\ogt-cook\framework\web\CController.php(286): SiteController->runAction()
#11 C:\xampp\htdocs\ogt-cook\framework\web\CController.php(265): SiteController->runActionWithFilters()
#12 C:\xampp\htdocs\ogt-cook\framework\web\CWebApplication.php(282): SiteController->run()
#13 C:\xampp\htdocs\ogt-cook\framework\web\CWebApplication.php(141): CWebApplication->runController()
#14 C:\xampp\htdocs\ogt-cook\framework\base\CApplication.php(180): CWebApplication->processRequest()
#15 C:\xampp\htdocs\ogt-cook\index.php(13): CWebApplication->run()
REQUEST_URI=/ogt-cook/
in C:\xampp\htdocs\ogt-cook\protected\views\user\index.php (18)
in C:\xampp\htdocs\ogt-cook\protected\views\site\index.php (5)
in C:\xampp\htdocs\ogt-cook\protected\controllers\SiteController.php (28)
2014/12/29 15:31:20 [error] [php] Undefined variable: model (C:\xampp\htdocs\ogt-cook\protected\views\user\create.php:18)
Stack trace:
#0 C:\xampp\htdocs\ogt-cook\framework\web\CController.php(869): SiteController->renderFile()
#1 C:\xampp\htdocs\ogt-cook\framework\web\CController.php(782): SiteController->renderPartial()
#2 C:\xampp\htdocs\ogt-cook\protected\views\site\index.php(5): SiteController->render()
#3 C:\xampp\htdocs\ogt-cook\framework\web\CBaseController.php(126): require()
#4 C:\xampp\htdocs\ogt-cook\framework\web\CBaseController.php(95): SiteController->renderInternal()
#5 C:\xampp\htdocs\ogt-cook\framework\web\CController.php(869): SiteController->renderFile()
#6 C:\xampp\htdocs\ogt-cook\framework\web\CController.php(782): SiteController->renderPartial()
#7 C:\xampp\htdocs\ogt-cook\protected\controllers\SiteController.php(28): SiteController->render()
#8 C:\xampp\htdocs\ogt-cook\framework\web\actions\CInlineAction.php(49): SiteController->actionIndex()
#9 C:\xampp\htdocs\ogt-cook\framework\web\CController.php(308): CInlineAction->runWithParams()
#10 C:\xampp\htdocs\ogt-cook\framework\web\CController.php(286): SiteController->runAction()
#11 C:\xampp\htdocs\ogt-cook\framework\web\CController.php(265): SiteController->runActionWithFilters()
#12 C:\xampp\htdocs\ogt-cook\framework\web\CWebApplication.php(282): SiteController->run()
#13 C:\xampp\htdocs\ogt-cook\framework\web\CWebApplication.php(141): CWebApplication->runController()
#14 C:\xampp\htdocs\ogt-cook\framework\base\CApplication.php(180): CWebApplication->processRequest()
#15 C:\xampp\htdocs\ogt-cook\index.php(13): CWebApplication->run()
REQUEST_URI=/ogt-cook/
in C:\xampp\htdocs\ogt-cook\protected\views\user\create.php (18)
in C:\xampp\htdocs\ogt-cook\protected\views\site\index.php (5)
in C:\xampp\htdocs\ogt-cook\protected\controllers\SiteController.php (28)
2014/12/29 15:32:25 [error] [php] Undefined variable: model (C:\xampp\htdocs\ogt-cook\protected\views\user\create.php:18)
Stack trace:
#0 C:\xampp\htdocs\ogt-cook\framework\web\CController.php(869): SiteController->renderFile()
#1 C:\xampp\htdocs\ogt-cook\protected\views\site\index.php(5): SiteController->renderPartial()
#2 C:\xampp\htdocs\ogt-cook\framework\web\CBaseController.php(126): require()
#3 C:\xampp\htdocs\ogt-cook\framework\web\CBaseController.php(95): SiteController->renderInternal()
#4 C:\xampp\htdocs\ogt-cook\framework\web\CController.php(869): SiteController->renderFile()
#5 C:\xampp\htdocs\ogt-cook\framework\web\CController.php(782): SiteController->renderPartial()
#6 C:\xampp\htdocs\ogt-cook\protected\controllers\SiteController.php(28): SiteController->render()
#7 C:\xampp\htdocs\ogt-cook\framework\web\actions\CInlineAction.php(49): SiteController->actionIndex()
#8 C:\xampp\htdocs\ogt-cook\framework\web\CController.php(308): CInlineAction->runWithParams()
#9 C:\xampp\htdocs\ogt-cook\framework\web\CController.php(286): SiteController->runAction()
#10 C:\xampp\htdocs\ogt-cook\framework\web\CController.php(265): SiteController->runActionWithFilters()
#11 C:\xampp\htdocs\ogt-cook\framework\web\CWebApplication.php(282): SiteController->run()
#12 C:\xampp\htdocs\ogt-cook\framework\web\CWebApplication.php(141): CWebApplication->runController()
#13 C:\xampp\htdocs\ogt-cook\framework\base\CApplication.php(180): CWebApplication->processRequest()
#14 C:\xampp\htdocs\ogt-cook\index.php(13): CWebApplication->run()
REQUEST_URI=/ogt-cook/
in C:\xampp\htdocs\ogt-cook\protected\views\user\create.php (18)
in C:\xampp\htdocs\ogt-cook\protected\views\site\index.php (5)
in C:\xampp\htdocs\ogt-cook\protected\controllers\SiteController.php (28)
2014/12/29 15:32:26 [error] [php] Undefined variable: model (C:\xampp\htdocs\ogt-cook\protected\views\user\create.php:18)
Stack trace:
#0 C:\xampp\htdocs\ogt-cook\framework\web\CController.php(869): SiteController->renderFile()
#1 C:\xampp\htdocs\ogt-cook\protected\views\site\index.php(5): SiteController->renderPartial()
#2 C:\xampp\htdocs\ogt-cook\framework\web\CBaseController.php(126): require()
#3 C:\xampp\htdocs\ogt-cook\framework\web\CBaseController.php(95): SiteController->renderInternal()
#4 C:\xampp\htdocs\ogt-cook\framework\web\CController.php(869): SiteController->renderFile()
#5 C:\xampp\htdocs\ogt-cook\framework\web\CController.php(782): SiteController->renderPartial()
#6 C:\xampp\htdocs\ogt-cook\protected\controllers\SiteController.php(28): SiteController->render()
#7 C:\xampp\htdocs\ogt-cook\framework\web\actions\CInlineAction.php(49): SiteController->actionIndex()
#8 C:\xampp\htdocs\ogt-cook\framework\web\CController.php(308): CInlineAction->runWithParams()
#9 C:\xampp\htdocs\ogt-cook\framework\web\CController.php(286): SiteController->runAction()
#10 C:\xampp\htdocs\ogt-cook\framework\web\CController.php(265): SiteController->runActionWithFilters()
#11 C:\xampp\htdocs\ogt-cook\framework\web\CWebApplication.php(282): SiteController->run()
#12 C:\xampp\htdocs\ogt-cook\framework\web\CWebApplication.php(141): CWebApplication->runController()
#13 C:\xampp\htdocs\ogt-cook\framework\base\CApplication.php(180): CWebApplication->processRequest()
#14 C:\xampp\htdocs\ogt-cook\index.php(13): CWebApplication->run()
REQUEST_URI=/ogt-cook/
in C:\xampp\htdocs\ogt-cook\protected\views\user\create.php (18)
in C:\xampp\htdocs\ogt-cook\protected\views\site\index.php (5)
in C:\xampp\htdocs\ogt-cook\protected\controllers\SiteController.php (28)
